Arguments: 
  /usr/local/Cellar/node/10.8.0/bin/node /usr/local/Cellar/yarn/1.7.0/libexec/bin/yarn.js

PATH: 
  /usr/local/opt/icu4c/sbin:/usr/local/opt/icu4c/bin:/usr/local/opt/node@8/bin:/Users/yoonyoulyoo/.sdkman/candidates/lazybones/current/bin:/Users/yoonyoulyoo/.sdkman/candidates/gradle/current/bin:/usr/local/share/python:/usr/local/bin:/usr/bin:/bin:/usr/sbin:/sbin:/Users/yoonyoulyoo/DEV/pom/apache-maven-3.3.9/bin:/Users/yoonyoulyoo/DEV/pom/apache-ant-1.9.7/bin:/Users/yoonyoulyoo/DEV/scala/scala-2.12.1/bin:/usr/local/bin/yarn:/Users/yoonyoulyoo/.config/yarn/global/node_modules/.bin:/usr/local/sbin:/Users/yoonyoulyoo/Library/Android/sdk/platform-tools:/Users/yoonyoulyoo/Library/Android/sdk/tools/bin:/usr/local/opt/go/libexec/bin:/Users/yoonyoulyoo/DEV/go/bin:/Users/yoonyoulyoo/.local/bin

Yarn version: 
  1.7.0

Node version: 
  10.8.0

Platform: 
  darwin x64

Trace: 
  SyntaxError: /Users/yoonyoulyoo/DEV/javascript/async/package.json: Unexpected string in JSON at position 174
      at JSON.parse (<anonymous>)
      at /usr/local/Cellar/yarn/1.7.0/libexec/lib/cli.js:1130:59
      at Generator.next (<anonymous>)
      at step (/usr/local/Cellar/yarn/1.7.0/libexec/lib/cli.js:98:30)
      at /usr/local/Cellar/yarn/1.7.0/libexec/lib/cli.js:109:13

npm manifest: 
  {
    "name": "async",
    "version": "1.0.0",
    "main": "index.js",
    "author": "ryukato",
    "license": "MIT",
    "private": false,
    "dependencies": {
      "async": "^2.6.1"
      "dependencies": {
      "body-parser": "^1.18.3",
      "check-ip": "^1.1.1",
      "cookie-parser": "~1.4.3",
      "debug": "~2.6.9",
      "ejs": "~2.5.7",
      "express": "~4.16.0",
      "express-interceptor": "^1.2.0",
      "express-rate-limit": "^2.12.2",
      "http-errors": "~1.6.2",
      "moment": "^2.22.2",
      "morgan": "~1.9.0",
      "readline-sync": "^1.4.9",
      "winston": "^3.0.0",
      "winston": "^3.0.0",
      "winston-daily-rotate-file": "^3.3.0"
    },
    "devDependencies": {
      "babel-cli": "^6.0.0",
      "babel-core": "^6.26.3",
      "babel-loader": "^7.1.5",
      "babel-preset-env": "^1.7.0",
      "chai": "^4.1.2",
      "chai-as-promised": "^7.1.1",
      "chai-spies": "^1.0.0",
      "copy-webpack-plugin": "^4.0.1",
      "eslint": "^3.14.0",
      "eslint-config-standard": "^6.0.0",
      "eslint-plugin-babel": "^4.0.0",
      "eslint-plugin-mocha": "^4.8.0",
      "eslint-plugin-promise": "^3.0.0",
      "eslint-plugin-standard": "^2.0.0",
      "json-loader": "^0.5.4",
      "mocha": "^5.2.0",
      "proxyquire": "^2.0.1",
      "supertest": "^3.1.0",
      "transform-runtime": "0.0.0",
      "web3": "^0.20.0",
      "webpack": "^4.16.3",
      "webpack-cli": "^3.1.0",
      "yargs": "^11.0.0"
    }
  }

yarn manifest: 
  No manifest

Lockfile: 
  # THIS IS AN AUTOGENERATED FILE. DO NOT EDIT THIS FILE DIRECTLY.
  # yarn lockfile v1
  
  
  async@^2.6.1:
    version "2.6.1"
    resolved "https://registry.yarnpkg.com/async/-/async-2.6.1.tgz#b245a23ca71930044ec53fa46aa00a3e87c6a610"
    dependencies:
      lodash "^4.17.10"
  
  lodash@^4.17.10:
    version "4.17.10"
    resolved "https://registry.yarnpkg.com/lodash/-/lodash-4.17.10.tgz#1b7793cf7259ea38fb3661d4d38b3260af8ae4e7"
